<?xml version="1.0" encoding="UTF-8"?>
<!-- Generated by org.testng.reporters.JUnitReportReporter -->
<testsuite hostname="DESKTOP-802EDJG" name="com.training.sanity.tests.LoginTests" tests="1" failures="0" timestamp="17 Apr 2020 05:13:30 GMT" time="49.874" errors="0">
  <testcase name="validLoginTest" time="49.874" classname="com.training.sanity.tests.LoginTests"/>
</testsuite> <!-- com.training.sanity.tests.LoginTests -->
